+ echo 'cp 0'
+ nvidia-smi
+ echo 'cp 1'
+ module load cuda/11
++ /usr/share/lmod/lmod/libexec/lmod bash load cuda/11
+ eval '__LMOD_REF_COUNT_CPATH=/opt/packages/cuda/v11.7.1/include:1;' export '__LMOD_REF_COUNT_CPATH;' 'CPATH=/opt/packages/cuda/v11.7.1/include;' export 'CPATH;' 'CUDA_HOME=/opt/packages/cuda/v11.7.1;' export 'CUDA_HOME;' 'CUDA_PATH=/opt/packages/cuda/v11.7.1;' export 'CUDA_PATH;' '__LMOD_REF_COUNT_INCLUDE=/opt/packages/cuda/v11.7.1/include:1;' export '__LMOD_REF_COUNT_INCLUDE;' 'INCLUDE=/opt/packages/cuda/v11.7.1/include;' export 'INCLUDE;' '__LMOD_REF_COUNT_LD_LIBRARY_PATH=/opt/packages/cuda/v11.7.1/lib64:1\;/opt/packages/cuda/v11.7.1/nvvm/lib64:1\;/opt/packages/cuda/v11.7.1/extras/CUPTI/lib64:1;' export '__LMOD_REF_COUNT_LD_LIBRARY_PATH;' 'LD_LIBRARY_PATH=/opt/packages/cuda/v11.7.1/lib64:/opt/packages/cuda/v11.7.1/nvvm/lib64:/opt/packages/cuda/v11.7.1/extras/CUPTI/lib64;' export 'LD_LIBRARY_PATH;' '__LMOD_REF_COUNT_LIBRARY_PATH=/opt/packages/cuda/v11.7.1/lib64:1\;/opt/packages/cuda/v11.7.1/nvvm/lib64:1\;/opt/packages/cuda/v11.7.1/extras/CUPTI/lib64:1;' export '__LMOD_REF_COUNT_LIBRARY_PATH;' 'LIBRARY_PATH=/opt/packages/cuda/v11.7.1/lib64:/opt/packages/cuda/v11.7.1/nvvm/lib64:/opt/packages/cuda/v11.7.1/extras/CUPTI/lib64;' export 'LIBRARY_PATH;' '__LMOD_REF_COUNT_LOADEDMODULES=allocations/1.0:1\;psc.allocations.user/1.0:1\;cuda/11.7.1:1;' export '__LMOD_REF_COUNT_LOADEDMODULES;' 'LOADEDMODULES=allocations/1.0:psc.allocations.user/1.0:cuda/11.7.1;' export 'LOADEDMODULES;' '__LMOD_REF_COUNT_MANPATH=/opt/packages/cuda/v11.7.1/gds/man:1\;/usr/share/lmod/lmod/share/man:1\;/opt/puppetlabs/puppet/share/man:1;' export '__LMOD_REF_COUNT_MANPATH;' 'MANPATH=/opt/packages/cuda/v11.7.1/gds/man:/usr/share/lmod/lmod/share/man::/opt/puppetlabs/puppet/share/man;' export 'MANPATH;' 'MODULEPATH=/etc/scl/modulefiles:/opt/modulefiles/production:/opt/modulefiles/preproduction:/opt/modulefiles/deprecated:/usr/share/modulefiles:/usr/share/modulefiles/Linux:/usr/share/modulefiles/Core:/usr/share/lmod/lmod/modulefiles/Core;' export 'MODULEPATH;' '__LMOD_REF_COUNT_PATH=/opt/packages/cuda/v11.7.1/bin:1\;/opt/packages/cuda/v11.7.1/libnvvp:1\;/ocean/projects/cis240057p/ylinf/Mamba/mambaforge/envs/openfold_env/bin:2\;/ocean/projects/cis240057p/ylinf/Mamba/mambaforge/bin:1\;/ocean/projects/cis240057p/ylinf/Mamba/mambaforge/condabin:1\;/jet/home/ylinf/.local/bin:1\;/jet/home/ylinf/bin:1\;/opt/packages/psc.allocations.user/bin:1\;/opt/packages/allocations/bin:1\;/usr/local/bin:1\;/usr/bin:1\;/usr/local/sbin:1\;/usr/sbin:1\;/opt/packages/interact/bin:1\;/opt/puppetlabs/bin:1;' export '__LMOD_REF_COUNT_PATH;' 'PATH=/opt/packages/cuda/v11.7.1/bin:/opt/packages/cuda/v11.7.1/libnvvp:/ocean/projects/cis240057p/ylinf/Mamba/mambaforge/envs/openfold_env/bin:/ocean/projects/cis240057p/ylinf/Mamba/mambaforge/bin:/ocean/projects/cis240057p/ylinf/Mamba/mambaforge/condabin:/jet/home/ylinf/.local/bin:/jet/home/ylinf/bin:/opt/packages/psc.allocations.user/bin:/opt/packages/allocations/bin:/usr/local/bin:/usr/bin:/usr/local/sbin:/usr/sbin:/opt/packages/interact/bin:/opt/puppetlabs/bin;' export 'PATH;' '__LMOD_REF_COUNT_PKG_CONFIG_PATH=/opt/packages/cuda/v11.7.1/lib64/pkgconfig:1;' export '__LMOD_REF_COUNT_PKG_CONFIG_PATH;' 'PKG_CONFIG_PATH=/opt/packages/cuda/v11.7.1/lib64/pkgconfig;' export 'PKG_CONFIG_PATH;' '__LMOD_REF_COUNT__LMFILES_=/opt/modulefiles/production/allocations/1.0.lua:1\;/opt/modulefiles/production/psc.allocations.user/1.0.lua:1\;/opt/modulefiles/production/cuda/11.7.1.lua:1;' export '__LMOD_REF_COUNT__LMFILES_;' '_LMFILES_=/opt/modulefiles/production/allocations/1.0.lua:/opt/modulefiles/production/psc.allocations.user/1.0.lua:/opt/modulefiles/production/cuda/11.7.1.lua;' export '_LMFILES_;' '_ModuleTable001_=X01vZHVsZVRhYmxlXz17WyJNVHZlcnNpb24iXT0zLFsiY19yZWJ1aWxkVGltZSJdPWZhbHNlLFsiY19zaG9ydFRpbWUiXT1mYWxzZSxkZXB0aFQ9e30sZmFtaWx5PXt9LG1UPXthbGxvY2F0aW9ucz17WyJmbiJdPSIvb3B0L21vZHVsZWZpbGVzL3Byb2R1Y3Rpb24vYWxsb2NhdGlvbnMvMS4wLmx1YSIsWyJmdWxsTmFtZSJdPSJhbGxvY2F0aW9ucy8xLjAiLFsibG9hZE9yZGVyIl09MSxwcm9wVD17fSxbInN0YWNrRGVwdGgiXT0wLFsic3RhdHVzIl09ImFjdGl2ZSIsWyJ1c2VyTmFtZSJdPSJhbGxvY2F0aW9ucyIsfSxjdWRhPXtbImZuIl09Ii9vcHQvbW9kdWxlZmlsZXMvcHJvZHVjdGlvbi9jdWRhLzExLjcuMS5sdWEiLFsiZnVsbE5hbWUiXT0iY3VkYS8xMS43LjEiLFsibG9h;' export '_ModuleTable001_;' '_ModuleTable002_=ZE9yZGVyIl09Myxwcm9wVD17fSxbInN0YWNrRGVwdGgiXT0wLFsic3RhdHVzIl09ImFjdGl2ZSIsWyJ1c2VyTmFtZSJdPSJjdWRhLzExIix9LFsicHNjLmFsbG9jYXRpb25zLnVzZXIiXT17WyJmbiJdPSIvb3B0L21vZHVsZWZpbGVzL3Byb2R1Y3Rpb24vcHNjLmFsbG9jYXRpb25zLnVzZXIvMS4wLmx1YSIsWyJmdWxsTmFtZSJdPSJwc2MuYWxsb2NhdGlvbnMudXNlci8xLjAiLFsibG9hZE9yZGVyIl09Mixwcm9wVD17fSxbInN0YWNrRGVwdGgiXT0wLFsic3RhdHVzIl09ImFjdGl2ZSIsWyJ1c2VyTmFtZSJdPSJwc2MuYWxsb2NhdGlvbnMudXNlciIsfSx9LG1wYXRoQT17Ii9ldGMvc2NsL21vZHVsZWZpbGVzIiwiL29wdC9tb2R1bGVmaWxlcy9wcm9kdWN0aW9uIiwiL29wdC9t;' export '_ModuleTable002_;' '_ModuleTable003_=b2R1bGVmaWxlcy9wcmVwcm9kdWN0aW9uIiwiL29wdC9tb2R1bGVmaWxlcy9kZXByZWNhdGVkIiwiL3Vzci9zaGFyZS9tb2R1bGVmaWxlcyIsIi91c3Ivc2hhcmUvbW9kdWxlZmlsZXMvTGludXgiLCIvdXNyL3NoYXJlL21vZHVsZWZpbGVzL0NvcmUiLCIvdXNyL3NoYXJlL2xtb2QvbG1vZC9tb2R1bGVmaWxlcy9Db3JlIix9LFsic3lzdGVtQmFzZU1QQVRIIl09Ii9ldGMvc2NsL21vZHVsZWZpbGVzOi9vcHQvbW9kdWxlZmlsZXMvcHJvZHVjdGlvbjovb3B0L21vZHVsZWZpbGVzL3ByZXByb2R1Y3Rpb246L29wdC9tb2R1bGVmaWxlcy9kZXByZWNhdGVkOi91c3Ivc2hhcmUvbW9kdWxlZmlsZXM6L3Vzci9zaGFyZS9tb2R1bGVmaWxlcy9MaW51eDovdXNyL3NoYXJlL21vZHVsZWZp;' export '_ModuleTable003_;' '_ModuleTable004_=bGVzL0NvcmU6L3Vzci9zaGFyZS9sbW9kL2xtb2QvbW9kdWxlZmlsZXMvQ29yZSIsfQ==;' export '_ModuleTable004_;' '_ModuleTable_Sz_=4;' export '_ModuleTable_Sz_;'
++ __LMOD_REF_COUNT_CPATH=/opt/packages/cuda/v11.7.1/include:1
++ export __LMOD_REF_COUNT_CPATH
++ CPATH=/opt/packages/cuda/v11.7.1/include
++ export CPATH
++ CUDA_HOME=/opt/packages/cuda/v11.7.1
++ export CUDA_HOME
++ CUDA_PATH=/opt/packages/cuda/v11.7.1
++ export CUDA_PATH
++ __LMOD_REF_COUNT_INCLUDE=/opt/packages/cuda/v11.7.1/include:1
++ export __LMOD_REF_COUNT_INCLUDE
++ INCLUDE=/opt/packages/cuda/v11.7.1/include
++ export INCLUDE
++ __LMOD_REF_COUNT_LD_LIBRARY_PATH='/opt/packages/cuda/v11.7.1/lib64:1;/opt/packages/cuda/v11.7.1/nvvm/lib64:1;/opt/packages/cuda/v11.7.1/extras/CUPTI/lib64:1'
++ export __LMOD_REF_COUNT_LD_LIBRARY_PATH
++ LD_LIBRARY_PATH=/opt/packages/cuda/v11.7.1/lib64:/opt/packages/cuda/v11.7.1/nvvm/lib64:/opt/packages/cuda/v11.7.1/extras/CUPTI/lib64
++ export LD_LIBRARY_PATH
++ __LMOD_REF_COUNT_LIBRARY_PATH='/opt/packages/cuda/v11.7.1/lib64:1;/opt/packages/cuda/v11.7.1/nvvm/lib64:1;/opt/packages/cuda/v11.7.1/extras/CUPTI/lib64:1'
++ export __LMOD_REF_COUNT_LIBRARY_PATH
++ LIBRARY_PATH=/opt/packages/cuda/v11.7.1/lib64:/opt/packages/cuda/v11.7.1/nvvm/lib64:/opt/packages/cuda/v11.7.1/extras/CUPTI/lib64
++ export LIBRARY_PATH
++ __LMOD_REF_COUNT_LOADEDMODULES='allocations/1.0:1;psc.allocations.user/1.0:1;cuda/11.7.1:1'
++ export __LMOD_REF_COUNT_LOADEDMODULES
++ LOADEDMODULES=allocations/1.0:psc.allocations.user/1.0:cuda/11.7.1
++ export LOADEDMODULES
++ __LMOD_REF_COUNT_MANPATH='/opt/packages/cuda/v11.7.1/gds/man:1;/usr/share/lmod/lmod/share/man:1;/opt/puppetlabs/puppet/share/man:1'
++ export __LMOD_REF_COUNT_MANPATH
++ MANPATH=/opt/packages/cuda/v11.7.1/gds/man:/usr/share/lmod/lmod/share/man::/opt/puppetlabs/puppet/share/man
++ export MANPATH
++ MODULEPATH=/etc/scl/modulefiles:/opt/modulefiles/production:/opt/modulefiles/preproduction:/opt/modulefiles/deprecated:/usr/share/modulefiles:/usr/share/modulefiles/Linux:/usr/share/modulefiles/Core:/usr/share/lmod/lmod/modulefiles/Core
++ export MODULEPATH
++ __LMOD_REF_COUNT_PATH='/opt/packages/cuda/v11.7.1/bin:1;/opt/packages/cuda/v11.7.1/libnvvp:1;/ocean/projects/cis240057p/ylinf/Mamba/mambaforge/envs/openfold_env/bin:2;/ocean/projects/cis240057p/ylinf/Mamba/mambaforge/bin:1;/ocean/projects/cis240057p/ylinf/Mamba/mambaforge/condabin:1;/jet/home/ylinf/.local/bin:1;/jet/home/ylinf/bin:1;/opt/packages/psc.allocations.user/bin:1;/opt/packages/allocations/bin:1;/usr/local/bin:1;/usr/bin:1;/usr/local/sbin:1;/usr/sbin:1;/opt/packages/interact/bin:1;/opt/puppetlabs/bin:1'
++ export __LMOD_REF_COUNT_PATH
++ PATH=/opt/packages/cuda/v11.7.1/bin:/opt/packages/cuda/v11.7.1/libnvvp:/ocean/projects/cis240057p/ylinf/Mamba/mambaforge/envs/openfold_env/bin:/ocean/projects/cis240057p/ylinf/Mamba/mambaforge/bin:/ocean/projects/cis240057p/ylinf/Mamba/mambaforge/condabin:/jet/home/ylinf/.local/bin:/jet/home/ylinf/bin:/opt/packages/psc.allocations.user/bin:/opt/packages/allocations/bin:/usr/local/bin:/usr/bin:/usr/local/sbin:/usr/sbin:/opt/packages/interact/bin:/opt/puppetlabs/bin
++ export PATH
++ __LMOD_REF_COUNT_PKG_CONFIG_PATH=/opt/packages/cuda/v11.7.1/lib64/pkgconfig:1
++ export __LMOD_REF_COUNT_PKG_CONFIG_PATH
++ PKG_CONFIG_PATH=/opt/packages/cuda/v11.7.1/lib64/pkgconfig
++ export PKG_CONFIG_PATH
++ __LMOD_REF_COUNT__LMFILES_='/opt/modulefiles/production/allocations/1.0.lua:1;/opt/modulefiles/production/psc.allocations.user/1.0.lua:1;/opt/modulefiles/production/cuda/11.7.1.lua:1'
++ export __LMOD_REF_COUNT__LMFILES_
++ _LMFILES_=/opt/modulefiles/production/allocations/1.0.lua:/opt/modulefiles/production/psc.allocations.user/1.0.lua:/opt/modulefiles/production/cuda/11.7.1.lua
++ export _LMFILES_
++ _ModuleTable001_=X01vZHVsZVRhYmxlXz17WyJNVHZlcnNpb24iXT0zLFsiY19yZWJ1aWxkVGltZSJdPWZhbHNlLFsiY19zaG9ydFRpbWUiXT1mYWxzZSxkZXB0aFQ9e30sZmFtaWx5PXt9LG1UPXthbGxvY2F0aW9ucz17WyJmbiJdPSIvb3B0L21vZHVsZWZpbGVzL3Byb2R1Y3Rpb24vYWxsb2NhdGlvbnMvMS4wLmx1YSIsWyJmdWxsTmFtZSJdPSJhbGxvY2F0aW9ucy8xLjAiLFsibG9hZE9yZGVyIl09MSxwcm9wVD17fSxbInN0YWNrRGVwdGgiXT0wLFsic3RhdHVzIl09ImFjdGl2ZSIsWyJ1c2VyTmFtZSJdPSJhbGxvY2F0aW9ucyIsfSxjdWRhPXtbImZuIl09Ii9vcHQvbW9kdWxlZmlsZXMvcHJvZHVjdGlvbi9jdWRhLzExLjcuMS5sdWEiLFsiZnVsbE5hbWUiXT0iY3VkYS8xMS43LjEiLFsibG9h
++ export _ModuleTable001_
++ _ModuleTable002_=ZE9yZGVyIl09Myxwcm9wVD17fSxbInN0YWNrRGVwdGgiXT0wLFsic3RhdHVzIl09ImFjdGl2ZSIsWyJ1c2VyTmFtZSJdPSJjdWRhLzExIix9LFsicHNjLmFsbG9jYXRpb25zLnVzZXIiXT17WyJmbiJdPSIvb3B0L21vZHVsZWZpbGVzL3Byb2R1Y3Rpb24vcHNjLmFsbG9jYXRpb25zLnVzZXIvMS4wLmx1YSIsWyJmdWxsTmFtZSJdPSJwc2MuYWxsb2NhdGlvbnMudXNlci8xLjAiLFsibG9hZE9yZGVyIl09Mixwcm9wVD17fSxbInN0YWNrRGVwdGgiXT0wLFsic3RhdHVzIl09ImFjdGl2ZSIsWyJ1c2VyTmFtZSJdPSJwc2MuYWxsb2NhdGlvbnMudXNlciIsfSx9LG1wYXRoQT17Ii9ldGMvc2NsL21vZHVsZWZpbGVzIiwiL29wdC9tb2R1bGVmaWxlcy9wcm9kdWN0aW9uIiwiL29wdC9t
++ export _ModuleTable002_
++ _ModuleTable003_=b2R1bGVmaWxlcy9wcmVwcm9kdWN0aW9uIiwiL29wdC9tb2R1bGVmaWxlcy9kZXByZWNhdGVkIiwiL3Vzci9zaGFyZS9tb2R1bGVmaWxlcyIsIi91c3Ivc2hhcmUvbW9kdWxlZmlsZXMvTGludXgiLCIvdXNyL3NoYXJlL21vZHVsZWZpbGVzL0NvcmUiLCIvdXNyL3NoYXJlL2xtb2QvbG1vZC9tb2R1bGVmaWxlcy9Db3JlIix9LFsic3lzdGVtQmFzZU1QQVRIIl09Ii9ldGMvc2NsL21vZHVsZWZpbGVzOi9vcHQvbW9kdWxlZmlsZXMvcHJvZHVjdGlvbjovb3B0L21vZHVsZWZpbGVzL3ByZXByb2R1Y3Rpb246L29wdC9tb2R1bGVmaWxlcy9kZXByZWNhdGVkOi91c3Ivc2hhcmUvbW9kdWxlZmlsZXM6L3Vzci9zaGFyZS9tb2R1bGVmaWxlcy9MaW51eDovdXNyL3NoYXJlL21vZHVsZWZp
++ export _ModuleTable003_
++ _ModuleTable004_=bGVzL0NvcmU6L3Vzci9zaGFyZS9sbW9kL2xtb2QvbW9kdWxlZmlsZXMvQ29yZSIsfQ==
++ export _ModuleTable004_
++ _ModuleTable_Sz_=4
++ export _ModuleTable_Sz_
++ : -s sh
+ eval
+ ret=0
+ /usr/share/lmod/8.2.7/libexec/log_modules load cuda/11
+ return 0
+ echo 'cp 2'
+ nvcc --version
+ echo 'cp 3'
+ conda activate openfold_env

CondaError: Run 'conda init' before 'conda activate'

+ echo 'cp 4'
+ export CUTLASS_PATH=/ocean/projects/cis240057p/ylinf/cutlass
+ CUTLASS_PATH=/ocean/projects/cis240057p/ylinf/cutlass
+ echo 'cp 5'
+ cd /ocean/projects/cis240057p/ylinf/openfold
+ echo 'cp 6'
